<?xml version="1.0" encoding="UTF-8"?>
<!-- Generated by org.testng.reporters.JUnitReportReporter -->
<testsuite hostname="LAPTOP-3LUAGSRO" failures="0" tests="1" name="TestNG.demo" time="4.583" errors="0" timestamp="2022-06-28T18:28:45 IST" skipped="0">
  <testcase classname="TestNG.demo" name="Veenaworld" time="4.583"/>
  <system-out/>
</testsuite> <!-- TestNG.demo -->
