<?xml version="1.0" encoding="UTF-8"?>
<!-- Generated by org.testng.reporters.JUnitReportReporter -->
<testsuite hostname="LAPTOP-3LUAGSRO" failures="0" tests="2" name="TestNG.dragdrop" time="9.454" errors="0" timestamp="2022-07-06T18:15:33 IST" skipped="0">
  <testcase classname="TestNG.dragdrop" name="BBB" time="2.934"/>
  <system-out/>
  <testcase classname="TestNG.dragdrop" name="AAA" time="6.520"/>
  <system-out/>
</testsuite> <!-- TestNG.dragdrop -->
