<?xml version="1.0" encoding="UTF-8"?>
<!-- Generated by org.testng.reporters.JUnitReportReporter -->
<testsuite hostname="LAPTOP-3LUAGSRO" failures="0" tests="1" name="TestNG.dropdown" time="13.405" errors="0" timestamp="2022-06-18T11:07:30 IST" skipped="0">
  <testcase classname="TestNG.dropdown" name="AAA" time="13.405"/>
  <system-out/>
</testsuite> <!-- TestNG.dropdown -->
