<?xml version="1.0" encoding="UTF-8"?>
<!-- Generated by org.testng.reporters.JUnitReportReporter -->
<testsuite hostname="LAPTOP-3LUAGSRO" failures="0" tests="1" name="TestNG.crossbrowser" time="4.716" errors="0" timestamp="2022-06-01T19:39:13 IST" skipped="0">
  <testcase classname="TestNG.crossbrowser" name="BCA" time="4.716"/>
  <system-out/>
</testsuite> <!-- TestNG.crossbrowser -->
