<?xml version="1.0" encoding="UTF-8"?>
<!-- Generated by org.testng.reporters.JUnitReportReporter -->
<testsuite hostname="LAPTOP-3LUAGSRO" failures="0" tests="1" name="TestNG.flipkart" time="6.770" errors="0" timestamp="2022-06-27T19:57:35 IST" skipped="0">
  <testcase classname="TestNG.flipkart" name="login" time="6.770"/>
  <system-out/>
</testsuite> <!-- TestNG.flipkart -->
