<?xml version="1.0" encoding="UTF-8"?>
<!-- Generated by org.testng.reporters.JUnitReportReporter -->
<testsuite hostname="LAPTOP-3LUAGSRO" failures="0" tests="2" name="TestNG.practise" time="32.700" errors="0" timestamp="2022-09-11T18:17:04 IST" skipped="0">
  <testcase classname="TestNG.practise" name="ABC" time="16.288"/>
  <system-out/>
  <testcase classname="TestNG.practise" name="BCA" time="16.412"/>
  <system-out/>
</testsuite> <!-- TestNG.practise -->
