<?xml version="1.0" encoding="UTF-8"?>
<!-- Generated by org.testng.reporters.JUnitReportReporter -->
<testsuite hostname="LAPTOP-3LUAGSRO" failures="0" tests="1" name="TestNG.Orange" time="23.355" errors="0" timestamp="2022-07-31T14:58:55 IST" skipped="0">
  <testcase classname="TestNG.Orange" name="loginmercury" time="23.355"/>
  <system-out/>
</testsuite> <!-- TestNG.Orange -->
