<?xml version="1.0" encoding="UTF-8"?>
<!-- Generated by org.testng.reporters.JUnitReportReporter -->
<testsuite hostname="LAPTOP-3LUAGSRO" failures="0" tests="1" name="TestNG.Orange" time="15.631" errors="0" timestamp="2022-06-27T20:37:45 IST" skipped="0">
  <testcase classname="TestNG.Orange" name="loginmercury" time="15.631"/>
  <system-out/>
</testsuite> <!-- TestNG.Orange -->
