<?xml version="1.0" encoding="UTF-8"?>
<!-- Generated by org.testng.reporters.JUnitReportReporter -->
<testsuite hostname="LAPTOP-3LUAGSRO" failures="0" tests="1" name="TestNG.assertion" time="16.248" errors="0" timestamp="2022-06-19T14:44:10 IST" skipped="0">
  <testcase classname="TestNG.assertion" name="Asertion" time="16.248"/>
  <system-out/>
</testsuite> <!-- TestNG.assertion -->
