<?xml version="1.0" encoding="UTF-8"?>
<!-- Generated by org.testng.reporters.JUnitReportReporter -->
<testsuite hostname="LAPTOP-3LUAGSRO" failures="0" tests="1" name="TestNG.ASSERT" time="17.585" errors="0" timestamp="2022-09-11T10:31:38 IST" skipped="0">
  <testcase classname="TestNG.ASSERT" name="login" time="17.585"/>
  <system-out/>
</testsuite> <!-- TestNG.ASSERT -->
