<?xml version="1.0" encoding="UTF-8"?>
<!-- Generated by org.testng.reporters.JUnitReportReporter -->
<testsuite hostname="LAPTOP-3LUAGSRO" failures="0" tests="1" name="TestNG.isdisplayed" time="1.304" errors="0" timestamp="2022-06-18T13:30:44 IST" skipped="0">
  <testcase classname="TestNG.isdisplayed" name="BBBB" time="1.304"/>
  <system-out/>
</testsuite> <!-- TestNG.isdisplayed -->
