<?xml version="1.0" encoding="UTF-8"?>
<!-- Generated by org.testng.reporters.JUnitReportReporter -->
<testsuite hostname="LAPTOP-3LUAGSRO" failures="0" tests="3" name="TestNG.parameterpassing" time="49.561" errors="0" timestamp="2022-06-19T14:32:00 IST" skipped="0">
  <testcase classname="TestNG.parameterpassing" name="ZZZ" time="15.829"/>
  <system-out/>
  <testcase classname="TestNG.parameterpassing" name="ABC" time="17.166"/>
  <system-out/>
  <testcase classname="TestNG.parameterpassing" name="BCA" time="16.566"/>
  <system-out/>
</testsuite> <!-- TestNG.parameterpassing -->
