<?xml version="1.0" encoding="UTF-8"?>
<!-- Generated by org.testng.reporters.JUnitReportReporter -->
<testsuite hostname="LAPTOP-3LUAGSRO" failures="0" tests="1" name="TestNG.screenshot" time="16.716" errors="0" timestamp="2022-05-31T16:22:52 IST" skipped="0">
  <testcase classname="TestNG.screenshot" name="BCA" time="16.716"/>
  <system-out/>
</testsuite> <!-- TestNG.screenshot -->
