<?xml version="1.0" encoding="UTF-8"?>
<!-- Generated by org.testng.reporters.JUnitReportReporter -->
<testsuite hostname="LAPTOP-3LUAGSRO" failures="0" tests="1" name="TestNG.assertion" time="16.581" errors="0" timestamp="2022-09-11T09:26:08 IST" skipped="0">
  <testcase classname="TestNG.assertion" name="Asertion" time="16.581"/>
  <system-out/>
</testsuite> <!-- TestNG.assertion -->
