<?xml version="1.0" encoding="UTF-8"?>
<!-- Generated by org.testng.reporters.JUnitReportReporter -->
<testsuite hostname="LAPTOP-3LUAGSRO" failures="0" tests="2" name="TestNG.Vworld" time="9.786" errors="0" timestamp="2022-06-01T14:56:14 IST" skipped="0">
  <testcase classname="TestNG.Vworld" name="AAAA" time="4.865"/>
  <system-out/>
  <testcase classname="TestNG.Vworld" name="BBBB" time="4.921"/>
  <system-out/>
</testsuite> <!-- TestNG.Vworld -->
